UpdateCTestConfiguration  from :/Users/irfan/Documents/CSC232/scripts/lab02-danielteberian/cmake-build-debug/DartConfiguration.tcl
Parse Config file:/Users/irfan/Documents/CSC232/scripts/lab02-danielteberian/cmake-build-debug/DartConfiguration.tcl
UpdateCTestConfiguration  from :/Users/irfan/Documents/CSC232/scripts/lab02-danielteberian/cmake-build-debug/DartConfiguration.tcl
Parse Config file:/Users/irfan/Documents/CSC232/scripts/lab02-danielteberian/cmake-build-debug/DartConfiguration.tcl
Test project /Users/irfan/Documents/CSC232/scripts/lab02-danielteberian/cmake-build-debug
Constructing a list of tests
Done constructing a list of tests
Updating test list for fixtures
Added 0 tests to meet fixture requirements
Checking test dependency graph...
Checking test dependency graph end
test 1
    Start 1: Scenario: Evaluate Code for Task 1

1: Test command: /Users/irfan/Documents/CSC232/scripts/lab02-danielteberian/cmake-build-debug/tests "Scenario: Evaluate Code for Task 1"
1: Working Directory: /Users/irfan/Documents/CSC232/scripts/lab02-danielteberian/cmake-build-debug
1: Test timeout computed to be: 1500
1: Filters: "Scenario: Evaluate Code for Task 1"
1: Randomness seeded to: 4063587846
1: ===============================================================================
1: All tests passed (1 assertion in 1 test case)
1: 
1/3 Test #1: Scenario: Evaluate Code for Task 1 ...   Passed    0.01 sec
test 2
    Start 2: Scenario: Evaluate Code for Task 2

2: Test command: /Users/irfan/Documents/CSC232/scripts/lab02-danielteberian/cmake-build-debug/tests "Scenario: Evaluate Code for Task 2"
2: Working Directory: /Users/irfan/Documents/CSC232/scripts/lab02-danielteberian/cmake-build-debug
2: Test timeout computed to be: 1500
2: Filters: "Scenario: Evaluate Code for Task 2"
2: Randomness seeded to: 3784125904
2: ===============================================================================
2: All tests passed (2 assertions in 1 test case)
2: 
2/3 Test #2: Scenario: Evaluate Code for Task 2 ...   Passed    0.00 sec
test 3
    Start 3: Scenario: Evaluate Code for Task 3

3: Test command: /Users/irfan/Documents/CSC232/scripts/lab02-danielteberian/cmake-build-debug/tests "Scenario: Evaluate Code for Task 3"
3: Working Directory: /Users/irfan/Documents/CSC232/scripts/lab02-danielteberian/cmake-build-debug
3: Test timeout computed to be: 1500
3: Filters: "Scenario: Evaluate Code for Task 3"
3: Randomness seeded to: 2792541642
3: 
3: ~~~~~~~~~~~~~~~~~~~~~~~~~~~~~~~~~~~~~~~~~~~~~~~~~~~~~~~~~~~~~~~~~~~~~~~~~~~~~~~
3: tests is a Catch2 v3.4.0 host application.
3: Run with -? for options
3: 
3: -------------------------------------------------------------------------------
3: Scenario: Evaluate Code for Task 3
3:       Given: The student has completed Task 3
3:        When: The Circle implementation of the Shape interface is implemented
3:        Then: The area of the circle is found to be as required
3: -------------------------------------------------------------------------------
3: /Users/irfan/Documents/CSC232/scripts/lab02-danielteberian/src/test/cpp/unit_tests.cpp:126
3: ...............................................................................
3: 
3: /Users/irfan/Documents/CSC232/scripts/lab02-danielteberian/src/test/cpp/unit_tests.cpp:129: FAILED:
3:   REQUIRE( expected_area == actual_area )
3: with expansion:
3:   3.1415926536 == 3.1415926536
3: 
3: -------------------------------------------------------------------------------
3: Scenario: Evaluate Code for Task 3
3:       Given: The student has completed Task 3
3:        When: The Circle implementation of the Shape interface is implemented
3:         And: The perimeter of the circle is found to be as required
3: -------------------------------------------------------------------------------
3: /Users/irfan/Documents/CSC232/scripts/lab02-danielteberian/src/test/cpp/unit_tests.cpp:131
3: ...............................................................................
3: 
3: /Users/irfan/Documents/CSC232/scripts/lab02-danielteberian/src/test/cpp/unit_tests.cpp:134: FAILED:
3:   REQUIRE( expected_perimeter == actual_perimeter )
3: with expansion:
3:   6.2831853072 == 6.2831853072
3: 
3: ===============================================================================
3: test cases: 1 | 1 failed
3: assertions: 2 | 2 failed
3: 
3/3 Test #3: Scenario: Evaluate Code for Task 3 ...***Failed    0.00 sec

67% tests passed, 1 tests failed out of 3

Total Test time (real) =   0.02 sec

The following tests FAILED:
	  3 - Scenario: Evaluate Code for Task 3 (Failed)
